# JRE version: OpenJDK Runtime Environment Microsoft-8035246 (17.0.8+7) (build 17.0.8+7-LTS)
# Java VM: OpenJDK 64-Bit Server VM Microsoft-8035246 (17.0.8+7-LTS, mixed mode, sharing, tiered, compressed oops, compressed class ptrs, g1 gc, windows-amd64)
GC Precious Log:
 CPUs: 16 total, 16 available
 Memory: 32683M
 Large Page Support: Disabled
 NUMA Support: Disabled
 Compressed Oops: Enabled (32-bit)
 Heap Region Size: 1M
 Heap Min Capacity: 8M
 Heap Initial Capacity: 512M
 Heap Max Capacity: 2G
 Pre-touch: Disabled
 Parallel Workers: 13
 Concurrent Workers: 3
 Concurrent Refinement Workers: 13
 Periodic GC: Disabled
Heap:
 garbage-first heap   total 280576K, used 234542K [0x0000000080000000, 0x0000000100000000)
  region size 1024K, 37 young (37888K), 5 survivors (5120K)
 Metaspace       used 110884K, committed 111936K, reserved 557056K
  class space    used 15007K, committed 15488K, reserved 425984K
GC Heap History (20 events):
Event: 18.562 GC heap before
{Heap before GC invocations=59 (full 0):
 garbage-first heap   total 219136K, used 183786K [0x0000000080000000, 0x0000000100000000)
  region size 1024K, 33 young (33792K), 6 survivors (6144K)
 Metaspace       used 101592K, committed 102592K, reserved 557056K
  class space    used 13920K, committed 14400K, reserved 425984K
}
Event: 18.565 GC heap after
{Heap after GC invocations=60 (full 0):
 garbage-first heap   total 219136K, used 162762K [0x0000000080000000, 0x0000000100000000)
  region size 1024K, 5 young (5120K), 5 survivors (5120K)
 Metaspace       used 101592K, committed 102592K, reserved 557056K
  class space    used 13920K, committed 14400K, reserved 425984K
}
Event: 18.867 GC heap before
{Heap before GC invocations=61 (full 0):
 garbage-first heap   total 280576K, used 185290K [0x0000000080000000, 0x0000000100000000)
  region size 1024K, 27 young (27648K), 5 survivors (5120K)
 Metaspace       used 105159K, committed 106176K, reserved 557056K
  class space    used 14427K, committed 14912K, reserved 425984K
}
Event: 18.869 GC heap after
{Heap after GC invocations=62 (full 0):
 garbage-first heap   total 280576K, used 165278K [0x0000000080000000, 0x0000000100000000)
  region size 1024K, 3 young (3072K), 3 survivors (3072K)
 Metaspace       used 105159K, committed 106176K, reserved 557056K
  class space    used 14427K, committed 14912K, reserved 425984K
}
Event: 19.000 GC heap before
{Heap before GC invocations=62 (full 0):
 garbage-first heap   total 280576K, used 175518K [0x0000000080000000, 0x0000000100000000)
  region size 1024K, 13 young (13312K), 3 survivors (3072K)
 Metaspace       used 105306K, committed 106304K, reserved 557056K
  class space    used 14447K, committed 14912K, reserved 425984K
}
Event: 19.002 GC heap after
{Heap after GC invocations=63 (full 0):
 garbage-first heap   total 280576K, used 165795K [0x0000000080000000, 0x0000000100000000)
  region size 1024K, 2 young (2048K), 2 survivors (2048K)
 Metaspace       used 105306K, committed 106304K, reserved 557056K
  class space    used 14447K, committed 14912K, reserved 425984K
}
Event: 19.604 GC heap before
{Heap before GC invocations=63 (full 0):
 garbage-first heap   total 280576K, used 228259K [0x0000000080000000, 0x0000000100000000)
  region size 1024K, 63 young (64512K), 2 survivors (2048K)
 Metaspace       used 106892K, committed 107904K, reserved 557056K
  class space    used 14611K, committed 15104K, reserved 425984K
}
Event: 19.609 GC heap after
{Heap after GC invocations=64 (full 0):
 garbage-first heap   total 280576K, used 176551K [0x0000000080000000, 0x0000000100000000)
  region size 1024K, 8 young (8192K), 8 survivors (8192K)
 Metaspace       used 106892K, committed 107904K, reserved 557056K
  class space    used 14611K, committed 15104K, reserved 425984K
}
Event: 20.184 GC heap before
{Heap before GC invocations=64 (full 0):
 garbage-first heap   total 280576K, used 227751K [0x0000000080000000, 0x0000000100000000)
  region size 1024K, 59 young (60416K), 8 survivors (8192K)
 Metaspace       used 109648K, committed 110656K, reserved 557056K
  class space    used 14884K, committed 15360K, reserved 425984K
}
Event: 20.189 GC heap after
{Heap after GC invocations=65 (full 0):
 garbage-first heap   total 280576K, used 184826K [0x0000000080000000, 0x0000000100000000)
  region size 1024K, 8 young (8192K), 8 survivors (8192K)
 Metaspace       used 109648K, committed 110656K, reserved 557056K
  class space    used 14884K, committed 15360K, reserved 425984K
}
Event: 20.567 GC heap before
{Heap before GC invocations=65 (full 0):
 garbage-first heap   total 280576K, used 229882K [0x0000000080000000, 0x0000000100000000)
  region size 1024K, 53 young (54272K), 8 survivors (8192K)
 Metaspace       used 110396K, committed 111424K, reserved 557056K
  class space    used 14981K, committed 15488K, reserved 425984K
}
Event: 20.571 GC heap after
{Heap after GC invocations=66 (full 0):
 garbage-first heap   total 280576K, used 190625K [0x0000000080000000, 0x0000000100000000)
  region size 1024K, 6 young (6144K), 6 survivors (6144K)
 Metaspace       used 110396K, committed 111424K, reserved 557056K
  class space    used 14981K, committed 15488K, reserved 425984K
}
Event: 20.669 GC heap before
{Heap before GC invocations=66 (full 0):
 garbage-first heap   total 280576K, used 231585K [0x0000000080000000, 0x0000000100000000)
  region size 1024K, 47 young (48128K), 6 survivors (6144K)
 Metaspace       used 110478K, committed 111552K, reserved 557056K
  class space    used 14982K, committed 15488K, reserved 425984K
}
Event: 20.672 GC heap after
{Heap after GC invocations=67 (full 0):
 garbage-first heap   total 280576K, used 193228K [0x0000000080000000, 0x0000000100000000)
  region size 1024K, 3 young (3072K), 3 survivors (3072K)
 Metaspace       used 110478K, committed 111552K, reserved 557056K
  class space    used 14982K, committed 15488K, reserved 425984K
}
Event: 21.110 GC heap before
{Heap before GC invocations=67 (full 0):
 garbage-first heap   total 280576K, used 235212K [0x0000000080000000, 0x0000000100000000)
  region size 1024K, 44 young (45056K), 3 survivors (3072K)
 Metaspace       used 110483K, committed 111552K, reserved 557056K
  class space    used 14983K, committed 15488K, reserved 425984K
}
Event: 21.112 GC heap after
{Heap after GC invocations=68 (full 0):
 garbage-first heap   total 280576K, used 194642K [0x0000000080000000, 0x0000000100000000)
  region size 1024K, 5 young (5120K), 5 survivors (5120K)
 Metaspace       used 110483K, committed 111552K, reserved 557056K
  class space    used 14983K, committed 15488K, reserved 425984K
}
Event: 21.330 GC heap before
{Heap before GC invocations=68 (full 0):
 garbage-first heap   total 280576K, used 237650K [0x0000000080000000, 0x0000000100000000)
  region size 1024K, 39 young (39936K), 5 survivors (5120K)
 Metaspace       used 110794K, committed 111808K, reserved 557056K
  class space    used 15006K, committed 15488K, reserved 425984K
}
Event: 21.333 GC heap after
{Heap after GC invocations=69 (full 0):
 garbage-first heap   total 280576K, used 199628K [0x0000000080000000, 0x0000000100000000)
  region size 1024K, 5 young (5120K), 5 survivors (5120K)
 Metaspace       used 110794K, committed 111808K, reserved 557056K
  class space    used 15006K, committed 15488K, reserved 425984K
}
Event: 21.409 GC heap before
{Heap before GC invocations=69 (full 0):
 garbage-first heap   total 280576K, used 233420K [0x0000000080000000, 0x0000000100000000)
  region size 1024K, 32 young (32768K), 5 survivors (5120K)
 Metaspace       used 110868K, committed 111872K, reserved 557056K
  class space    used 15006K, committed 15488K, reserved 425984K
}
Event: 21.412 GC heap after
{Heap after GC invocations=70 (full 0):
 garbage-first heap   total 280576K, used 201774K [0x0000000080000000, 0x0000000100000000)
  region size 1024K, 5 young (5120K), 5 survivors (5120K)
 Metaspace       used 110868K, committed 111872K, reserved 557056K
  class space    used 15006K, committed 15488K, reserved 425984K
}

